<?xml version="1.0" encoding="UTF-8"?>
<!-- Generated by org.testng.reporters.JUnitReportReporter -->
<testsuite hostname="DESKTOP-Q9CLIP0" failures="0" tests="1" name="com.qa.tests.ScenariosUsingTestNG" time="3.089" errors="0" timestamp="2022-08-20T23:38:43 IST" skipped="0">
  <testcase classname="com.qa.tests.ScenariosUsingTestNG" name="sumValidatio" time="3.089"/>
  <system-out/>
</testsuite> <!-- com.qa.tests.ScenariosUsingTestNG -->
