<?xml version="1.0" encoding="UTF-8"?>
<!-- Generated by org.testng.reporters.JUnitReportReporter -->
<testsuite hostname="DESKTOP-Q9CLIP0" failures="0" tests="5" name="com.qa.tests.DynamicJsonHandle" time="5.580" errors="0" timestamp="2022-08-27T11:06:46 IST" skipped="2">
  <testcase classname="com.qa.tests.DynamicJsonHandle" name="checkAddBookUsingDataProviderMethod" time="4.333"/>
  <system-out/>
  <testcase classname="com.qa.tests.DynamicJsonHandle" name="checkAddBookUsingDataProviderMethod" time="0.697"/>
  <system-out/>
  <testcase classname="com.qa.tests.DynamicJsonHandle" name="checkAddBookUsingDataProviderMethod" time="0.550"/>
  <system-out/>
  <testcase classname="com.qa.tests.DynamicJsonHandle" name="checkAddBookWithStaticPaylod">
    <skipped/>
  </testcase> <!-- checkAddBookWithStaticPaylod -->
  <system-out/>
  <testcase classname="com.qa.tests.DynamicJsonHandle" name="deleteBook">
    <skipped/>
  </testcase> <!-- deleteBook -->
  <system-out/>
</testsuite> <!-- com.qa.tests.DynamicJsonHandle -->
